── Attaching packages ─────────────────────────────────────── tidyverse 1.3.1 ──
✔ ggplot2 3.3.5     ✔ purrr   0.3.4
✔ tibble  3.1.6     ✔ dplyr   1.0.7
✔ tidyr   1.1.4     ✔ stringr 1.4.0
✔ readr   2.1.1     ✔ forcats 0.5.1
── Conflicts ────────────────────────────────────────── tidyverse_conflicts() ──
✖ dplyr::filter() masks stats::filter()
✖ dplyr::lag()    masks stats::lag()
# A tibble: 4 × 2
  p.bonf.cat     n
  <fct>      <int>
1 <= 0.005      51
2 <= 0.01        5
3 <= 0.05       11
4 > 0.05       531
There were 50 or more warnings (use warnings() to see the first 50)
Loading required package: limma
# A tibble: 4 × 2
  p.bonf.cat     n
  <fct>      <int>
1 <= 0.005      65
2 <= 0.01        5
3 <= 0.05        9
4 > 0.05       519
There were 50 or more warnings (use warnings() to see the first 50)
# A tibble: 3 × 2
  p.bonf.cat     n
  <fct>      <int>
1 <= 0.005       1
2 <= 0.01        1
3 > 0.05       596
There were 50 or more warnings (use warnings() to see the first 50)
[1] "Reproducibility information:"
[1] "2022-02-01 15:25:59 EST"
    user   system  elapsed 
1554.707  179.579   74.631 
─ Session info ───────────────────────────────────────────────────────────────────────────────────────────────────────
 setting  value
 version  R version 4.1.2 (2021-11-01)
 os       Arch Linux
 system   x86_64, linux-gnu
 ui       X11
 language (EN)
 collate  en_US.UTF-8
 ctype    en_US.UTF-8
 tz       America/New_York
 date     2022-02-01
 pandoc   2.14.1 @ /usr/bin/pandoc

─ Packages ───────────────────────────────────────────────────────────────────────────────────────────────────────────
 package     * version date (UTC) lib source
 abind         1.4-5   2016-07-21 [1] CRAN (R 4.1.2)
 assertthat    0.2.1   2019-03-21 [1] CRAN (R 4.1.2)
 backports     1.4.1   2021-12-13 [1] CRAN (R 4.1.2)
 broom         0.7.11  2022-01-03 [1] CRAN (R 4.1.2)
 cachem        1.0.6   2021-08-19 [1] CRAN (R 4.1.2)
 car           3.0-12  2021-11-06 [1] CRAN (R 4.1.2)
 carData       3.0-5   2022-01-06 [1] CRAN (R 4.1.2)
 cellranger    1.1.0   2016-07-27 [1] CRAN (R 4.1.2)
 cli           3.1.0   2021-10-27 [1] CRAN (R 4.1.2)
 colorspace    2.0-2   2021-06-24 [1] CRAN (R 4.1.2)
 crayon        1.4.2   2021-10-29 [1] CRAN (R 4.1.2)
 data.table    1.14.2  2021-09-27 [1] CRAN (R 4.1.2)
 DBI           1.1.2   2021-12-20 [1] CRAN (R 4.1.2)
 dbplyr        2.1.1   2021-04-06 [1] CRAN (R 4.1.2)
 digest        0.6.29  2021-12-01 [1] CRAN (R 4.1.2)
 dplyr       * 1.0.7   2021-06-18 [1] CRAN (R 4.1.2)
 ellipsis      0.3.2   2021-04-29 [1] CRAN (R 4.1.2)
 fansi         1.0.2   2022-01-14 [1] CRAN (R 4.1.2)
 farver        2.1.0   2021-02-28 [1] CRAN (R 4.1.2)
 fastmap       1.1.0   2021-01-25 [1] CRAN (R 4.1.2)
 forcats     * 0.5.1   2021-01-27 [1] CRAN (R 4.1.2)
 fs            1.5.2   2021-12-08 [1] CRAN (R 4.1.2)
 generics      0.1.1   2021-10-25 [1] CRAN (R 4.1.2)
 ggfittext     0.9.1   2021-01-30 [1] CRAN (R 4.1.2)
 ggplot2     * 3.3.5   2021-06-25 [1] CRAN (R 4.1.2)
 ggpubr        0.4.0   2020-06-27 [1] CRAN (R 4.1.2)
 ggsignif      0.6.3   2021-09-09 [1] CRAN (R 4.1.2)
 glue          1.6.0   2021-12-17 [1] CRAN (R 4.1.2)
 gridExtra     2.3     2017-09-09 [1] CRAN (R 4.1.2)
 gtable        0.3.0   2019-03-25 [1] CRAN (R 4.1.2)
 haven         2.4.3   2021-08-04 [1] CRAN (R 4.1.2)
 hms           1.1.1   2021-09-26 [1] CRAN (R 4.1.2)
 httr          1.4.2   2020-07-20 [1] CRAN (R 4.1.2)
 jsonlite      1.7.3   2022-01-17 [1] CRAN (R 4.1.2)
 labeling      0.4.2   2020-10-20 [1] CRAN (R 4.1.2)
 lifecycle     1.0.1   2021-09-24 [1] CRAN (R 4.1.2)
 limma       * 3.50.0  2021-10-26 [1] Bioconductor
 lubridate     1.8.0   2021-10-07 [1] CRAN (R 4.1.2)
 magrittr      2.0.1   2020-11-17 [1] CRAN (R 4.1.2)
 memoise       2.0.1   2021-11-26 [1] CRAN (R 4.1.2)
 modelr        0.1.8   2020-05-19 [1] CRAN (R 4.1.2)
 munsell       0.5.0   2018-06-12 [1] CRAN (R 4.1.2)
 pillar        1.6.4   2021-10-18 [1] CRAN (R 4.1.2)
 pkgconfig     2.0.3   2019-09-22 [1] CRAN (R 4.1.2)
 purrr       * 0.3.4   2020-04-17 [1] CRAN (R 4.1.2)
 R6            2.5.1   2021-08-19 [1] CRAN (R 4.1.2)
 Rcpp          1.0.8   2022-01-13 [1] CRAN (R 4.1.2)
 readr       * 2.1.1   2021-11-30 [1] CRAN (R 4.1.2)
 readxl        1.3.1   2019-03-13 [1] CRAN (R 4.1.2)
 reprex        2.0.1   2021-08-05 [1] CRAN (R 4.1.2)
 rlang         0.4.12  2021-10-18 [1] CRAN (R 4.1.2)
 rstatix       0.7.0   2021-02-13 [1] CRAN (R 4.1.2)
 rstudioapi    0.13    2020-11-12 [1] CRAN (R 4.1.2)
 rvest         1.0.2   2021-10-16 [1] CRAN (R 4.1.2)
 scales        1.1.1   2020-05-11 [1] CRAN (R 4.1.2)
 sessioninfo   1.2.2   2021-12-06 [1] CRAN (R 4.1.2)
 shades        1.4.0   2019-08-02 [1] CRAN (R 4.1.2)
 stringi       1.7.6   2021-11-29 [1] CRAN (R 4.1.2)
 stringr     * 1.4.0   2019-02-10 [1] CRAN (R 4.1.2)
 svglite       2.0.0   2021-02-20 [1] CRAN (R 4.1.2)
 systemfonts   1.0.3   2021-10-13 [1] CRAN (R 4.1.2)
 tibble      * 3.1.6   2021-11-07 [1] CRAN (R 4.1.2)
 tidyr       * 1.1.4   2021-09-27 [1] CRAN (R 4.1.2)
 tidyselect    1.1.1   2021-04-30 [1] CRAN (R 4.1.2)
 tidyverse   * 1.3.1   2021-04-15 [1] CRAN (R 4.1.2)
 tzdb          0.2.0   2021-10-27 [1] CRAN (R 4.1.2)
 utf8          1.2.2   2021-07-24 [1] CRAN (R 4.1.2)
 vctrs         0.3.8   2021-04-29 [1] CRAN (R 4.1.2)
 viridis       0.6.2   2021-10-13 [1] CRAN (R 4.1.2)
 viridisLite   0.4.0   2021-04-13 [1] CRAN (R 4.1.2)
 withr         2.4.3   2021-11-30 [1] CRAN (R 4.1.2)
 xml2          1.3.3   2021-11-30 [1] CRAN (R 4.1.2)

 [1] /home/jbenja13/R/x86_64-pc-linux-gnu-library/4.1
 [2] /usr/lib/R/library

──────────────────────────────────────────────────────────────────────────────────────────────────────────────────────
