[NbConvertApp] Converting notebook tmp_main.ipynb to notebook
[NbConvertApp] Converting notebook main.ipynb to html
[NbConvertApp] Writing 848302 bytes to main.html
[NbConvertApp] Converting notebook main.ipynb to pdf
[NbConvertApp] Support files will be in main_files/
[NbConvertApp] Making directory ./main_files
[NbConvertApp] Making directory ./main_files
[NbConvertApp] Making directory ./main_files
[NbConvertApp] Making directory ./main_files
[NbConvertApp] Making directory ./main_files
[NbConvertApp] Making directory ./main_files
[NbConvertApp] Making directory ./main_files
[NbConvertApp] Making directory ./main_files
[NbConvertApp] Making directory ./main_files
[NbConvertApp] Writing 51965 bytes to notebook.tex
[NbConvertApp] Building PDF
[NbConvertApp] Running xelatex 3 times: ['xelatex', 'notebook.tex', '-quiet']
[NbConvertApp] Running bibtex 1 time: ['bibtex', 'notebook']
[NbConvertApp] WARNING | bibtex had problems, most likely because there were no citations
[NbConvertApp] PDF successfully created
[NbConvertApp] Writing 205983 bytes to main.pdf
[1] "Reproducibility information:"
[1] "2022-02-03 20:21:54 EST"
   user  system elapsed 
 36.157   0.695  17.838 
─ Session info ───────────────────────────────────────────────────────────────────────────────────────────────────────
 setting  value
 version  R version 4.1.2 (2021-11-01)
 os       Arch Linux
 system   x86_64, linux-gnu
 ui       X11
 language (EN)
 collate  en_US.UTF-8
 ctype    en_US.UTF-8
 tz       America/New_York
 date     2022-02-03
 pandoc   2.14.1 @ /usr/bin/pandoc

─ Packages ───────────────────────────────────────────────────────────────────────────────────────────────────────────
 package     * version date (UTC) lib source
 abind         1.4-5   2016-07-21 [1] CRAN (R 4.1.2)
 assertthat    0.2.1   2019-03-21 [1] CRAN (R 4.1.2)
 backports     1.4.1   2021-12-13 [1] CRAN (R 4.1.2)
 broom         0.7.12  2022-01-28 [1] CRAN (R 4.1.2)
 cachem        1.0.6   2021-08-19 [1] CRAN (R 4.1.2)
 car           3.0-12  2021-11-06 [1] CRAN (R 4.1.2)
 carData       3.0-5   2022-01-06 [1] CRAN (R 4.1.2)
 cli           3.1.1   2022-01-20 [1] CRAN (R 4.1.2)
 colorspace    2.0-2   2021-06-24 [1] CRAN (R 4.1.2)
 crayon        1.4.2   2021-10-29 [1] CRAN (R 4.1.2)
 data.table    1.14.2  2021-09-27 [1] CRAN (R 4.1.2)
 DBI           1.1.2   2021-12-20 [1] CRAN (R 4.1.2)
 digest        0.6.29  2021-12-01 [1] CRAN (R 4.1.2)
 dplyr       * 1.0.7   2021-06-18 [1] CRAN (R 4.1.2)
 ellipsis      0.3.2   2021-04-29 [1] CRAN (R 4.1.2)
 fansi         1.0.2   2022-01-14 [1] CRAN (R 4.1.2)
 farver        2.1.0   2021-02-28 [1] CRAN (R 4.1.2)
 fastmap       1.1.0   2021-01-25 [1] CRAN (R 4.1.2)
 generics      0.1.2   2022-01-31 [1] CRAN (R 4.1.2)
 ggplot2     * 3.3.5   2021-06-25 [1] CRAN (R 4.1.2)
 ggpubr        0.4.0   2020-06-27 [1] CRAN (R 4.1.2)
 ggsci         2.9     2018-05-14 [1] CRAN (R 4.1.2)
 ggsignif      0.6.3   2021-09-09 [1] CRAN (R 4.1.2)
 ggvenn      * 0.1.9   2021-06-29 [1] CRAN (R 4.1.2)
 glue          1.6.1   2022-01-22 [1] CRAN (R 4.1.2)
 gtable        0.3.0   2019-03-25 [1] CRAN (R 4.1.2)
 labeling      0.4.2   2020-10-20 [1] CRAN (R 4.1.2)
 lifecycle     1.0.1   2021-09-24 [1] CRAN (R 4.1.2)
 magrittr      2.0.2   2022-01-26 [1] CRAN (R 4.1.2)
 memoise       2.0.1   2021-11-26 [1] CRAN (R 4.1.2)
 munsell       0.5.0   2018-06-12 [1] CRAN (R 4.1.2)
 pillar        1.7.0   2022-02-01 [1] CRAN (R 4.1.2)
 pkgconfig     2.0.3   2019-09-22 [1] CRAN (R 4.1.2)
 purrr         0.3.4   2020-04-17 [1] CRAN (R 4.1.2)
 R6            2.5.1   2021-08-19 [1] CRAN (R 4.1.2)
 rlang         1.0.0   2022-01-26 [1] CRAN (R 4.1.2)
 rstatix       0.7.0   2021-02-13 [1] CRAN (R 4.1.2)
 scales        1.1.1   2020-05-11 [1] CRAN (R 4.1.2)
 sessioninfo   1.2.2   2021-12-06 [1] CRAN (R 4.1.2)
 svglite       2.0.0   2021-02-20 [1] CRAN (R 4.1.2)
 systemfonts   1.0.3   2021-10-13 [1] CRAN (R 4.1.2)
 tibble        3.1.6   2021-11-07 [1] CRAN (R 4.1.2)
 tidyr         1.2.0   2022-02-01 [1] CRAN (R 4.1.2)
 tidyselect    1.1.1   2021-04-30 [1] CRAN (R 4.1.2)
 utf8          1.2.2   2021-07-24 [1] CRAN (R 4.1.2)
 vctrs         0.3.8   2021-04-29 [1] CRAN (R 4.1.2)
 withr         2.4.3   2021-11-30 [1] CRAN (R 4.1.2)

 [1] /home/jbenja13/R/x86_64-pc-linux-gnu-library/4.1
 [2] /usr/lib/R/library

──────────────────────────────────────────────────────────────────────────────────────────────────────────────────────
