Significant eQTL (lfsr < 0.05), caudate specific
effect

eGene:		2306
eTranscript:	35061
eExon:		11204
gene_id

eGene:		313
eTranscript:	2876
eExon:		1830
gencodeID

eGene:		313
eTranscript:	2518
eExon:		1286
Overlap with PGC2+CLOZUK
effect

eGene:		44
eTranscript:	417
eExon:		66
gene_id

eGene:		3
eTranscript:	21
eExon:		5
gencodeID

eGene:		3
eTranscript:	21
eExon:		3
Overlap with PGC3
effect

eGene:		59
eTranscript:	474
eExon:		268
gene_id

eGene:		4
eTranscript:	28
eExon:		10
gencodeID

eGene:		4
eTranscript:	27
eExon:		7
