GENES
There are 1610 AA specific SNP-feature!
There are 8484 EA specific SNP-feature!
There are 861 ALL specific SNP-feature!
There are 2112427 (93.4%) SNP-feature shared between ancestry!

GENES
There are 608 AA specific eFeatures!
There are 1645 EA specific eFeatures!
There are 411 ALL specific SNP-feature!
There are 19621 (98.5%) eFeatures shared between ancestry!

TRANSCRIPTS
There are 2717 AA specific SNP-feature!
There are 19504 EA specific SNP-feature!
There are 938 ALL specific SNP-feature!
There are 3520755 (93.4%) SNP-feature shared between ancestry!

TRANSCRIPTS
There are 1076 AA specific eFeatures!
There are 4058 EA specific eFeatures!
There are 442 ALL specific SNP-feature!
There are 54409 (95.6%) eFeatures shared between ancestry!

EXONS
There are 3851 AA specific SNP-feature!
There are 16357 EA specific SNP-feature!
There are 1642 ALL specific SNP-feature!
There are 4942643 (93.8%) SNP-feature shared between ancestry!

EXONS
There are 1362 AA specific eFeatures!
There are 3806 EA specific eFeatures!
There are 806 ALL specific SNP-feature!
There are 64418 (97.8%) eFeatures shared between ancestry!

JUNCTIONS
There are 2845 AA specific SNP-feature!
There are 16803 EA specific SNP-feature!
There are 1158 ALL specific SNP-feature!
There are 5695385 (93.9%) SNP-feature shared between ancestry!

JUNCTIONS
There are 1157 AA specific eFeatures!
There are 3753 EA specific eFeatures!
There are 613 ALL specific SNP-feature!
There are 91459 (97.1%) eFeatures shared between ancestry!

