chr11:113202454-113204285(+)	chr11:113522272:C:T	319817	140	166	0.356223	0.448194	0.047592	0.0626233
chr11:113204505-113205522(+)	chr11:113522272:C:T	317766	140	166	0.356223	0.0300025	0.113955	0.052126
chr11:113205667-113206042(+)	chr11:113522272:C:T	316604	140	166	0.356223	0.813401	0.010445	0.0441907
chr11:113206181-113207260(+)	chr11:113522272:C:T	316090	140	166	0.356223	0.204494	0.0547589	0.0430111
chr11:113206181-113207260(-)	chr11:113522272:C:T	316090	140	166	0.356223	0.283507	0.0775072	0.0720692
chr11:113207379-113207832(+)	chr11:113522272:C:T	314892	140	166	0.356223	0.0929075	0.0836115	0.049516
chr11:113208003-113214368(+)	chr11:113522272:C:T	314268	140	166	0.356223	0.0116393	0.110692	0.043459
chr11:113214512-113221295(+)	chr11:113522272:C:T	307759	140	166	0.356223	0.905789	0.00769825	0.0649609
chr11:113214512-113231644(+)	chr11:113522272:C:T	307759	140	166	0.356223	0.626698	-0.0196922	0.0404228
chr11:113221326-113231644(+)	chr11:113522272:C:T	300945	140	166	0.356223	0.532259	-0.0397868	0.0635896
chr11:113231796-113232169(+)	chr11:113522272:C:T	290475	140	166	0.356223	0.068906	0.0896741	0.0490239
chr11:113232355-113232717(+)	chr11:113522272:C:T	289916	140	166	0.356223	0.133038	0.0687792	0.0455926
chr11:113232815-113233146(+)	chr11:113522272:C:T	289456	140	166	0.356223	0.0659936	0.0748511	0.0404841
chr11:113233318-113235032(+)	chr11:113522272:C:T	288953	140	166	0.356223	0.208523	0.0616618	0.0488667
chr11:113235165-113255876(+)	chr11:113522272:C:T	287106	140	166	0.356223	0.428861	0.0413785	0.0521926
chr11:113235165-113255873(+)	chr11:113522272:C:T	287106	140	166	0.356223	0.673429	-0.0176473	0.0418097
chr11:113235165-113242804(+)	chr11:113522272:C:T	287106	140	166	0.356223	0.926687	0.00663619	0.0720276
chr11:113235165-113236300(+)	chr11:113522272:C:T	287106	140	166	0.356223	0.215697	0.0685992	0.0552282
chr11:113236316-113255876(+)	chr11:113522272:C:T	285955	140	166	0.356223	0.0756919	0.146947	0.082286
chr11:113236316-113255873(+)	chr11:113522272:C:T	285955	140	166	0.356223	0.992245	-0.000811845	0.0834173
chr11:113242847-113255876(+)	chr11:113522272:C:T	279424	140	166	0.356223	0.50809	0.0525419	0.0792435
chr11:113246371-113255876(+)	chr11:113522272:C:T	275900	140	166	0.356223	0.525675	0.0528119	0.0830675
chr11:113256002-113260142(+)	chr11:113522272:C:T	266269	140	166	0.356223	0.413899	0.0613959	0.0749818
chr11:113256002-113260145(+)	chr11:113522272:C:T	266269	140	166	0.356223	0.16466	0.0642186	0.0460403
chr11:113260324-113262845(+)	chr11:113522272:C:T	261947	140	166	0.356223	0.0155716	0.0990006	0.0405684
chr11:113260324-113270187(+)	chr11:113522272:C:T	261947	140	166	0.356223	0.0255701	0.13946	0.0619816
chr11:113270396-113271759(+)	chr11:113522272:C:T	251875	140	166	0.356223	0.756992	-0.0156983	0.0506609
chr11:113271877-113275266(-)	chr11:113522272:C:T	250394	140	166	0.356223	0.878135	0.0134002	0.0872769
chr11:113271877-113272932(+)	chr11:113522272:C:T	250394	140	166	0.356223	0.572207	0.0360067	0.0636425
chr11:113271877-113275266(+)	chr11:113522272:C:T	250394	140	166	0.356223	0.939115	0.00425227	0.0555989
chr11:113273749-113275266(+)	chr11:113522272:C:T	248522	140	166	0.356223	0.321924	-0.052888	0.0532583
chr11:113279650-113280490(-)	chr11:113522272:C:T	242621	140	166	0.356223	0.553962	-0.0570996	0.0963113
chr11:113280633-113314329(-)	chr11:113522272:C:T	241638	140	166	0.356223	0.868996	0.0162905	0.0986391
chr11:113314619-113316242(+)	chr11:113522272:C:T	207652	140	166	0.356223	0.102607	-0.145589	0.088769
chr11:113316316-113323287(+)	chr11:113522272:C:T	205955	140	166	0.356223	0.113683	-0.136231	0.0857322
chr11:113323452-113323993(+)	chr11:113522272:C:T	198819	140	166	0.356223	0.0632261	-0.157644	0.0843779
chr11:113324016-113324604(+)	chr11:113522272:C:T	198255	140	166	0.356223	0.256689	-0.0963533	0.0846984
chr11:113324683-113325523(+)	chr11:113522272:C:T	197588	140	166	0.356223	0.996965	-0.000337519	0.0886309
chr11:113325646-113329919(+)	chr11:113522272:C:T	196625	140	166	0.356223	0.312918	-0.0904104	0.0893605
chr11:113329980-113334965(+)	chr11:113522272:C:T	192291	140	166	0.356223	0.27254	-0.103111	0.0937073
chr11:113335038-113338773(+)	chr11:113522272:C:T	187233	140	166	0.356223	0.773527	-0.0245895	0.0853308
chr11:113335287-113388323(-)	chr11:113522272:C:T	186984	140	166	0.356223	0.170528	-0.114835	0.083479
chr11:113338835-113339285(+)	chr11:113522272:C:T	183436	140	166	0.356223	0.563814	-0.0505122	0.0873645
chr11:113339475-113340663(+)	chr11:113522272:C:T	182796	140	166	0.356223	0.231869	-0.116236	0.096919
chr11:113340734-113341836(+)	chr11:113522272:C:T	181537	140	166	0.356223	0.228166	-0.115745	0.0957426
chr11:113341926-113344271(+)	chr11:113522272:C:T	180345	140	166	0.356223	0.555896	-0.0533482	0.090425
chr11:113344441-113350072(+)	chr11:113522272:C:T	177830	140	166	0.356223	0.86726	0.0155217	0.0927439
chr11:113350166-113351238(+)	chr11:113522272:C:T	172105	140	166	0.356223	0.451433	-0.0645619	0.0855631
chr11:113350591-113351238(+)	chr11:113522272:C:T	171680	140	166	0.356223	0.76449	0.0225195	0.0750621
chr11:113351300-113352069(+)	chr11:113522272:C:T	170971	140	166	0.356223	0.762943	-0.0253007	0.0837653
chr11:113352208-113359362(+)	chr11:113522272:C:T	170063	140	166	0.356223	0.418745	-0.0725211	0.0894961
chr11:113359462-113359939(+)	chr11:113522272:C:T	162809	140	166	0.356223	0.681055	-0.0325236	0.0790091
chr11:113360009-113362400(+)	chr11:113522272:C:T	162262	140	166	0.356223	0.465469	-0.0588179	0.0804274
chr11:113362503-113363827(+)	chr11:113522272:C:T	159768	140	166	0.356223	0.386524	0.0719182	0.0828651
chr11:113363928-113364834(+)	chr11:113522272:C:T	158343	140	166	0.356223	0.678423	0.033183	0.0799122
chr11:113365061-113366224(+)	chr11:113522272:C:T	157210	140	166	0.356223	0.285948	-0.0793888	0.0741951
chr11:113365061-113368186(+)	chr11:113522272:C:T	157210	140	166	0.356223	0.18598	-0.12898	0.0971772
chr11:113368259-113368369(+)	chr11:113522272:C:T	154012	140	166	0.356223	0.00228945	0.297671	0.0963072
chr11:113410921-113412555(-)	chr11:113522272:C:T	111350	140	166	0.356223	0.00160818	0.156925	0.0490466
chr11:113412884-113414374(-)	chr11:113522272:C:T	109387	140	166	0.356223	0.993717	0.000402743	0.0510782
chr11:113412884-113415420(-)	chr11:113522272:C:T	109387	140	166	0.356223	0.00151288	0.234526	0.0728789
chr11:113414462-113415420(-)	chr11:113522272:C:T	107809	140	166	0.356223	0.598896	0.0248542	0.0471746
chr11:113415612-113416862(-)	chr11:113522272:C:T	106659	140	166	0.356223	0.232068	0.0561138	0.0468083
chr11:113417000-113418026(-)	chr11:113522272:C:T	105271	140	166	0.356223	0.0351518	0.11383	0.0536562
chr11:113418137-113424366(-)	chr11:113522272:C:T	104134	140	166	0.356223	0.213903	0.0718984	0.0576573
chr11:113424683-113469714(-)	chr11:113522272:C:T	97588	140	166	0.356223	0.282517	0.0917287	0.0851171
chr11:113424683-113474229(-)	chr11:113522272:C:T	97588	140	166	0.356223	0.886866	0.0107476	0.0754437
chr11:113424683-113475075(-)	chr11:113522272:C:T	97588	140	166	0.356223	0.249564	0.0655521	0.0567615
chr11:113424683-113475657(-)	chr11:113522272:C:T	97588	140	166	0.356223	0.279161	0.0949742	0.0875143
chr11:113586774-113587577(-)	chr11:113522272:C:T	-64503	140	166	0.356223	0.414533	-0.0779587	0.0953392
chr11:113688275-113689764(-)	chr11:113522272:C:T	-166004	140	166	0.356223	0.685046	0.034928	0.0859881
chr11:113688275-113690230(-)	chr11:113522272:C:T	-166004	140	166	0.356223	0.308921	0.0880027	0.0862633
chr11:113689918-113690230(-)	chr11:113522272:C:T	-167647	140	166	0.356223	0.361915	0.0802876	0.0878537
chr11:113690374-113690840(-)	chr11:113522272:C:T	-168103	140	166	0.356223	0.446529	0.0679342	0.0890629
chr11:113690940-113693070(-)	chr11:113522272:C:T	-168669	140	166	0.356223	0.707174	0.0346579	0.0921245
chr11:113693250-113694477(-)	chr11:113522272:C:T	-170979	140	166	0.356223	0.591837	0.0510727	0.0950957
chr11:113694641-113695399(-)	chr11:113522272:C:T	-172370	140	166	0.356223	0.635451	0.0435008	0.0916159
chr11:113695444-113696857(-)	chr11:113522272:C:T	-173173	140	166	0.356223	0.443375	0.067133	0.087404
chr11:113696972-113697282(-)	chr11:113522272:C:T	-174701	140	166	0.356223	0.422501	0.0683905	0.0850849
chr11:113697419-113698904(-)	chr11:113522272:C:T	-175148	140	166	0.356223	0.574011	0.0526023	0.0934141
chr11:113697419-113706221(-)	chr11:113522272:C:T	-175148	140	166	0.356223	0.202597	-0.12269	0.0959632
chr11:113699028-113699594(-)	chr11:113522272:C:T	-176757	140	166	0.356223	0.924157	-0.00914973	0.0959868
chr11:113699694-113699961(-)	chr11:113522272:C:T	-177423	140	166	0.356223	0.758267	0.0306688	0.0995121
chr11:113699694-113700065(-)	chr11:113522272:C:T	-177423	140	166	0.356223	0.493483	0.0648079	0.0944614
chr11:113699694-113706221(-)	chr11:113522272:C:T	-177423	140	166	0.356223	0.0172505	0.239123	0.0995533
chr11:113700169-113706221(-)	chr11:113522272:C:T	-177898	140	166	0.356223	0.743593	0.0312668	0.095452
chr11:113733815-113736619(-)	chr11:113522272:C:T	-211544	140	166	0.356223	0.143861	-0.123925	0.0844465
chr11:113736823-113737571(-)	chr11:113522272:C:T	-214552	140	166	0.356223	0.678849	0.0385321	0.0929246
chr11:113737704-113738263(-)	chr11:113522272:C:T	-215433	140	166	0.356223	0.140575	0.140825	0.095171
chr11:113738395-113739212(-)	chr11:113522272:C:T	-216124	140	166	0.356223	0.409102	0.0695106	0.0840243
chr11:113739383-113741693(-)	chr11:113522272:C:T	-217112	140	166	0.356223	0.408573	-0.0752283	0.0908332
chr11:113741766-113743801(-)	chr11:113522272:C:T	-219495	140	166	0.356223	0.468708	-0.0684293	0.0942542
chr11:113744041-113747530(-)	chr11:113522272:C:T	-221770	140	166	0.356223	0.391872	0.0806752	0.0940113
chr11:113747714-113748256(-)	chr11:113522272:C:T	-225443	140	166	0.356223	0.0765515	0.166288	0.0933917
chr11:113748421-113757661(-)	chr11:113522272:C:T	-226150	140	166	0.356223	0.755747	0.0303929	0.0975663
chr11:113757854-113758553(-)	chr11:113522272:C:T	-235583	140	166	0.356223	0.222384	0.120563	0.098488
chr11:113758707-113760192(-)	chr11:113522272:C:T	-236436	140	166	0.356223	0.0609439	0.168328	0.089305
chr11:113758707-113760208(-)	chr11:113522272:C:T	-236436	140	166	0.356223	0.889797	-0.0140205	0.101053
chr11:113760369-113760512(-)	chr11:113522272:C:T	-238098	140	166	0.356223	0.109146	0.156895	0.097484
chr11:113760591-113760816(-)	chr11:113522272:C:T	-238320	140	166	0.356223	0.897247	0.0124347	0.0961631
chr11:113760919-113768832(-)	chr11:113522272:C:T	-238648	140	166	0.356223	0.342	0.0941482	0.0988373
chr11:113768968-113773561(-)	chr11:113522272:C:T	-246697	140	166	0.356223	0.686171	-0.0342641	0.084673
chr11:113799416-113801482(-)	chr11:113522272:C:T	-277145	140	166	0.356223	0.66173	-0.0427654	0.0975938
chr11:113801679-113803157(-)	chr11:113522272:C:T	-279408	140	166	0.356223	0.828431	-0.0216814	0.0999109
chr11:113803282-113803797(-)	chr11:113522272:C:T	-281011	140	166	0.356223	0.00857979	-0.264417	0.0995772
chr11:113803878-113804672(-)	chr11:113522272:C:T	-281607	140	166	0.356223	0.256448	-0.104688	0.0919785
chr11:113804752-113804867(-)	chr11:113522272:C:T	-282481	140	166	0.356223	0.135257	0.132294	0.0881999
chr11:113805047-113806488(-)	chr11:113522272:C:T	-282776	140	166	0.356223	0.574258	0.051734	0.0919314
chr11:113805047-113808297(-)	chr11:113522272:C:T	-282776	140	166	0.356223	0.165933	0.118268	0.085047
chr11:113806585-113808297(-)	chr11:113522272:C:T	-284314	140	166	0.356223	0.790062	-0.0258529	0.0969734
chr11:113808438-113809062(-)	chr11:113522272:C:T	-286167	140	166	0.356223	0.159348	0.127225	0.0900582
chr11:113809255-113812275(-)	chr11:113522272:C:T	-286984	140	166	0.356223	0.889141	-0.0121413	0.086988
chr11:113812505-113813884(-)	chr11:113522272:C:T	-290234	140	166	0.356223	0.847562	0.0184629	0.0959175
chr11:113813956-113815173(-)	chr11:113522272:C:T	-291685	140	166	0.356223	0.3151	-0.0975226	0.0968269
chr11:113815383-113817657(-)	chr11:113522272:C:T	-293112	140	166	0.356223	0.198089	-0.12066	0.0934311
chr11:113817838-113823604(-)	chr11:113522272:C:T	-295567	140	166	0.356223	0.27763	-0.100979	0.0927506
chr11:113823701-113827232(-)	chr11:113522272:C:T	-301430	140	166	0.356223	0.970803	0.0036105	0.0985157
chr11:113827361-113829196(-)	chr11:113522272:C:T	-305090	140	166	0.356223	0.367139	-0.0796032	0.0880609
chr11:113829346-113830866(-)	chr11:113522272:C:T	-307075	140	166	0.356223	0.507265	-0.0679425	0.102272
chr11:113830944-113831919(-)	chr11:113522272:C:T	-308673	140	166	0.356223	0.550638	0.0586679	0.0981315
chr11:113831994-113833419(-)	chr11:113522272:C:T	-309723	140	166	0.356223	0.9134	-0.0107597	0.0988095
chr11:113833558-113834248(-)	chr11:113522272:C:T	-311287	140	166	0.356223	0.530035	0.0549458	0.0873427
chr11:113834336-113840597(-)	chr11:113522272:C:T	-312065	140	166	0.356223	0.902081	-0.0114769	0.0931612
chr11:113840758-113841662(-)	chr11:113522272:C:T	-318487	140	166	0.356223	0.476926	-0.0553809	0.0777125
chr11:113841769-113852500(-)	chr11:113522272:C:T	-319498	140	166	0.356223	0.497793	-0.0634125	0.0933576
chr11:113852634-113854257(-)	chr11:113522272:C:T	-330363	140	166	0.356223	0.875635	0.0154617	0.0986632
chr11:113854336-113875444(-)	chr11:113522272:C:T	-332065	140	166	0.356223	0.71682	0.0346556	0.0954065
chr11:113975393-113977770(+)	chr11:113522272:C:T	-453122	140	166	0.356223	0.337909	-0.0834881	0.0869053
chr11:113977923-113979232(+)	chr11:113522272:C:T	-455652	140	166	0.356223	0.287597	0.0885719	0.083062
chr11:113979278-113981202(+)	chr11:113522272:C:T	-457007	140	166	0.356223	0.230616	0.0992812	0.0825588
chr11:113981313-113983119(+)	chr11:113522272:C:T	-459042	140	166	0.356223	0.0986953	0.132434	0.0798192
chr11:113983290-113986014(+)	chr11:113522272:C:T	-461019	140	166	0.356223	0.762366	-0.0238444	0.0787462
chr11:113986176-113986517(+)	chr11:113522272:C:T	-463905	140	166	0.356223	0.954241	-0.00509938	0.0887519
chr11:113987047-113989464(+)	chr11:113522272:C:T	-464776	140	166	0.356223	0.575534	0.0504158	0.0898887
