GENES
There are 66328 AA specific SNP-feature!
There are 857276 EA specific SNP-feature!
There are 950297 (50.7%) SNP-feature shared between ancestry!

GENES
There are 7233 AA specific eFeatures!
There are 14003 EA specific eFeatures!
There are 12160 (73.8%) eFeatures shared between ancestry!

TRANSCRIPTS
There are 86214 AA specific SNP-feature!
There are 1202104 EA specific SNP-feature!
There are 1632882 (55.9%) SNP-feature shared between ancestry!

TRANSCRIPTS
There are 11538 AA specific eFeatures!
There are 28269 EA specific eFeatures!
There are 24956 (68.1%) eFeatures shared between ancestry!

EXONS
There are 150646 AA specific SNP-feature!
There are 2236845 EA specific SNP-feature!
There are 2279826 (48.8%) SNP-feature shared between ancestry!

EXONS
There are 18821 AA specific eFeatures!
There are 46256 EA specific eFeatures!
There are 35713 (65.1%) eFeatures shared between ancestry!

JUNCTIONS
There are 162987 AA specific SNP-feature!
There are 2186162 EA specific SNP-feature!
There are 2582628 (52.4%) SNP-feature shared between ancestry!

JUNCTIONS
There are 21814 AA specific eFeatures!
There are 52631 EA specific eFeatures!
There are 41375 (61.7%) eFeatures shared between ancestry!

